[dotenv@17.3.1] injecting env (2) from .env -- tip: 🔐 encrypt with Dotenvx: https://dotenvx.com
[dotenv@17.3.1] injecting env (0) from .env -- tip: ⚙️  load multiple .env files with { path: ['.env.local', '.env'] }
SmartWaste Server is running on http://localhost:3000
Connected to SQLite database.
Users table ready.
[2026-03-21T11:33:45.446Z] GET /app.js
[2026-03-21T11:33:47.270Z] POST /signin
[2026-03-21T11:33:49.133Z] POST /signin
[2026-03-21T11:33:49.586Z] POST /signin
[2026-03-21T11:33:49.743Z] POST /signin
[2026-03-21T11:33:49.967Z] POST /signin
[2026-03-21T11:33:51.859Z] POST /signin
[2026-03-21T11:33:52.023Z] POST /signin
[2026-03-21T11:33:52.253Z] POST /signin
[2026-03-21T11:33:54.157Z] GET /favicon.ico
[2026-03-21T11:34:14.277Z] POST /signup
[2026-03-21T11:34:15.994Z] POST /signup
[2026-03-21T11:34:21.205Z] POST /signin
[2026-03-21T11:34:22.126Z] POST /signin
[2026-03-21T11:34:22.807Z] GET /app.js
[2026-03-21T11:34:30.107Z] GET /app.js
[2026-03-21T11:34:34.057Z] GET /reports
[2026-03-21T11:34:40.528Z] POST /signin
[2026-03-21T11:34:42.158Z] GET /app.js
Error fetching reports: Error: Could not load the default credentials. Browse to https://cloud.google.com/docs/authentication/getting-started for more information.
    at GoogleAuth.getApplicationDefaultAsync (C:\1M1B\Smart-Waste-Mapping-Platform\backend\node_modules\google-gax\node_modules\google-auth-library\build\src\auth\googleauth.js:287:15)
    at async GoogleAuth._GoogleAuth_determineClient (C:\1M1B\Smart-Waste-Mapping-Platform\backend\node_modules\google-gax\node_modules\google-auth-library\build\src\auth\googleauth.js:834:32)
    at async GoogleAuth.getClient (C:\1M1B\Smart-Waste-Mapping-Platform\backend\node_modules\google-gax\node_modules\google-auth-library\build\src\auth\googleauth.js:698:20)
    at async GrpcClient._getCredentials (C:\1M1B\Smart-Waste-Mapping-Platform\backend\node_modules\google-gax\build\src\grpc.js:145:24)
    at async GrpcClient.createStub (C:\1M1B\Smart-Waste-Mapping-Platform\backend\node_modules\google-gax\build\src\grpc.js:318:23)
Caused by: Error
    at QueryUtil._getResponse (C:\1M1B\Smart-Waste-Mapping-Platform\backend\node_modules\@google-cloud\firestore\build\src\reference\query-util.js:44:23)
    at Query._getResponse (C:\1M1B\Smart-Waste-Mapping-Platform\backend\node_modules\@google-cloud\firestore\build\src\reference\query.js:784:32)
    at Query._get (C:\1M1B\Smart-Waste-Mapping-Platform\backend\node_modules\@google-cloud\firestore\build\src\reference\query.js:777:35)
    at C:\1M1B\Smart-Waste-Mapping-Platform\backend\node_modules\@google-cloud\firestore\build\src\reference\query.js:745:43
    at C:\1M1B\Smart-Waste-Mapping-Platform\backend\node_modules\@google-cloud\firestore\build\src\telemetry\enabled-trace-util.js:110:30
    at NoopContextManager.with (C:\1M1B\Smart-Waste-Mapping-Platform\backend\node_modules\@opentelemetry\api\build\src\context\NoopContextManager.js:25:19)
    at ContextAPI.with (C:\1M1B\Smart-Waste-Mapping-Platform\backend\node_modules\@opentelemetry\api\build\src\api\context.js:60:46)
    at NoopTracer.startActiveSpan (C:\1M1B\Smart-Waste-Mapping-Platform\backend\node_modules\@opentelemetry\api\build\src\trace\NoopTracer.js:65:31)
    at ProxyTracer.startActiveSpan (C:\1M1B\Smart-Waste-Mapping-Platform\backend\node_modules\@opentelemetry\api\build\src\trace\ProxyTracer.js:36:24)
    at EnabledTraceUtil.startActiveSpan (C:\1M1B\Smart-Waste-Mapping-Platform\backend\node_modules\@google-cloud\firestore\build\src\telemetry\enabled-trace-util.js:102:28)
[2026-03-21T11:34:44.108Z] GET /reports
Error fetching reports: Error: Could not load the default credentials. Browse to https://cloud.google.com/docs/authentication/getting-started for more information.
    at GoogleAuth.getApplicationDefaultAsync (C:\1M1B\Smart-Waste-Mapping-Platform\backend\node_modules\google-gax\node_modules\google-auth-library\build\src\auth\googleauth.js:287:15)
    at async GoogleAuth._GoogleAuth_determineClient (C:\1M1B\Smart-Waste-Mapping-Platform\backend\node_modules\google-gax\node_modules\google-auth-library\build\src\auth\googleauth.js:834:32)
    at async GoogleAuth.getClient (C:\1M1B\Smart-Waste-Mapping-Platform\backend\node_modules\google-gax\node_modules\google-auth-library\build\src\auth\googleauth.js:698:20)
    at async GrpcClient._getCredentials (C:\1M1B\Smart-Waste-Mapping-Platform\backend\node_modules\google-gax\build\src\grpc.js:145:24)
    at async GrpcClient.createStub (C:\1M1B\Smart-Waste-Mapping-Platform\backend\node_modules\google-gax\build\src\grpc.js:318:23)
Caused by: Error
    at QueryUtil._getResponse (C:\1M1B\Smart-Waste-Mapping-Platform\backend\node_modules\@google-cloud\firestore\build\src\reference\query-util.js:44:23)
    at Query._getResponse (C:\1M1B\Smart-Waste-Mapping-Platform\backend\node_modules\@google-cloud\firestore\build\src\reference\query.js:784:32)
    at Query._get (C:\1M1B\Smart-Waste-Mapping-Platform\backend\node_modules\@google-cloud\firestore\build\src\reference\query.js:777:35)
    at C:\1M1B\Smart-Waste-Mapping-Platform\backend\node_modules\@google-cloud\firestore\build\src\reference\query.js:745:43
    at C:\1M1B\Smart-Waste-Mapping-Platform\backend\node_modules\@google-cloud\firestore\build\src\telemetry\enabled-trace-util.js:110:30
    at NoopContextManager.with (C:\1M1B\Smart-Waste-Mapping-Platform\backend\node_modules\@opentelemetry\api\build\src\context\NoopContextManager.js:25:19)
    at ContextAPI.with (C:\1M1B\Smart-Waste-Mapping-Platform\backend\node_modules\@opentelemetry\api\build\src\api\context.js:60:46)
    at NoopTracer.startActiveSpan (C:\1M1B\Smart-Waste-Mapping-Platform\backend\node_modules\@opentelemetry\api\build\src\trace\NoopTracer.js:65:31)
    at ProxyTracer.startActiveSpan (C:\1M1B\Smart-Waste-Mapping-Platform\backend\node_modules\@opentelemetry\api\build\src\trace\ProxyTracer.js:36:24)
    at EnabledTraceUtil.startActiveSpan (C:\1M1B\Smart-Waste-Mapping-Platform\backend\node_modules\@google-cloud\firestore\build\src\telemetry\enabled-trace-util.js:102:28)
[2026-03-21T11:36:05.930Z] GET /app.js
[2026-03-21T11:36:31.322Z] POST /signin
[2026-03-21T11:36:32.920Z] GET /app.js
[2026-03-21T11:36:41.781Z] GET /reports
Error fetching reports: Error: Could not load the default credentials. Browse to https://cloud.google.com/docs/authentication/getting-started for more information.
    at GoogleAuth.getApplicationDefaultAsync (C:\1M1B\Smart-Waste-Mapping-Platform\backend\node_modules\google-gax\node_modules\google-auth-library\build\src\auth\googleauth.js:287:15)
    at async GoogleAuth._GoogleAuth_determineClient (C:\1M1B\Smart-Waste-Mapping-Platform\backend\node_modules\google-gax\node_modules\google-auth-library\build\src\auth\googleauth.js:834:32)
    at async GoogleAuth.getClient (C:\1M1B\Smart-Waste-Mapping-Platform\backend\node_modules\google-gax\node_modules\google-auth-library\build\src\auth\googleauth.js:698:20)
    at async GrpcClient._getCredentials (C:\1M1B\Smart-Waste-Mapping-Platform\backend\node_modules\google-gax\build\src\grpc.js:145:24)
    at async GrpcClient.createStub (C:\1M1B\Smart-Waste-Mapping-Platform\backend\node_modules\google-gax\build\src\grpc.js:318:23)
Caused by: Error
    at QueryUtil._getResponse (C:\1M1B\Smart-Waste-Mapping-Platform\backend\node_modules\@google-cloud\firestore\build\src\reference\query-util.js:44:23)
    at Query._getResponse (C:\1M1B\Smart-Waste-Mapping-Platform\backend\node_modules\@google-cloud\firestore\build\src\reference\query.js:784:32)
    at Query._get (C:\1M1B\Smart-Waste-Mapping-Platform\backend\node_modules\@google-cloud\firestore\build\src\reference\query.js:777:35)
    at C:\1M1B\Smart-Waste-Mapping-Platform\backend\node_modules\@google-cloud\firestore\build\src\reference\query.js:745:43
    at C:\1M1B\Smart-Waste-Mapping-Platform\backend\node_modules\@google-cloud\firestore\build\src\telemetry\enabled-trace-util.js:110:30
    at NoopContextManager.with (C:\1M1B\Smart-Waste-Mapping-Platform\backend\node_modules\@opentelemetry\api\build\src\context\NoopContextManager.js:25:19)
    at ContextAPI.with (C:\1M1B\Smart-Waste-Mapping-Platform\backend\node_modules\@opentelemetry\api\build\src\api\context.js:60:46)
    at NoopTracer.startActiveSpan (C:\1M1B\Smart-Waste-Mapping-Platform\backend\node_modules\@opentelemetry\api\build\src\trace\NoopTracer.js:65:31)
    at ProxyTracer.startActiveSpan (C:\1M1B\Smart-Waste-Mapping-Platform\backend\node_modules\@opentelemetry\api\build\src\trace\ProxyTracer.js:36:24)
    at EnabledTraceUtil.startActiveSpan (C:\1M1B\Smart-Waste-Mapping-Platform\backend\node_modules\@google-cloud\firestore\build\src\telemetry\enabled-trace-util.js:102:28)
[2026-03-21T11:36:50.613Z] GET /reports
[2026-03-21T11:36:54.213Z] GET /app.js
Error fetching reports: Error: Could not load the default credentials. Browse to https://cloud.google.com/docs/authentication/getting-started for more information.
    at GoogleAuth.getApplicationDefaultAsync (C:\1M1B\Smart-Waste-Mapping-Platform\backend\node_modules\google-gax\node_modules\google-auth-library\build\src\auth\googleauth.js:287:15)
    at async GoogleAuth._GoogleAuth_determineClient (C:\1M1B\Smart-Waste-Mapping-Platform\backend\node_modules\google-gax\node_modules\google-auth-library\build\src\auth\googleauth.js:834:32)
    at async GoogleAuth.getClient (C:\1M1B\Smart-Waste-Mapping-Platform\backend\node_modules\google-gax\node_modules\google-auth-library\build\src\auth\googleauth.js:698:20)
    at async GrpcClient._getCredentials (C:\1M1B\Smart-Waste-Mapping-Platform\backend\node_modules\google-gax\build\src\grpc.js:145:24)
    at async GrpcClient.createStub (C:\1M1B\Smart-Waste-Mapping-Platform\backend\node_modules\google-gax\build\src\grpc.js:318:23)
Caused by: Error
    at QueryUtil._getResponse (C:\1M1B\Smart-Waste-Mapping-Platform\backend\node_modules\@google-cloud\firestore\build\src\reference\query-util.js:44:23)
    at Query._getResponse (C:\1M1B\Smart-Waste-Mapping-Platform\backend\node_modules\@google-cloud\firestore\build\src\reference\query.js:784:32)
    at Query._get (C:\1M1B\Smart-Waste-Mapping-Platform\backend\node_modules\@google-cloud\firestore\build\src\reference\query.js:777:35)
    at C:\1M1B\Smart-Waste-Mapping-Platform\backend\node_modules\@google-cloud\firestore\build\src\reference\query.js:745:43
    at C:\1M1B\Smart-Waste-Mapping-Platform\backend\node_modules\@google-cloud\firestore\build\src\telemetry\enabled-trace-util.js:110:30
    at NoopContextManager.with (C:\1M1B\Smart-Waste-Mapping-Platform\backend\node_modules\@opentelemetry\api\build\src\context\NoopContextManager.js:25:19)
    at ContextAPI.with (C:\1M1B\Smart-Waste-Mapping-Platform\backend\node_modules\@opentelemetry\api\build\src\api\context.js:60:46)
    at NoopTracer.startActiveSpan (C:\1M1B\Smart-Waste-Mapping-Platform\backend\node_modules\@opentelemetry\api\build\src\trace\NoopTracer.js:65:31)
    at ProxyTracer.startActiveSpan (C:\1M1B\Smart-Waste-Mapping-Platform\backend\node_modules\@opentelemetry\api\build\src\trace\ProxyTracer.js:36:24)
    at EnabledTraceUtil.startActiveSpan (C:\1M1B\Smart-Waste-Mapping-Platform\backend\node_modules\@google-cloud\firestore\build\src\telemetry\enabled-trace-util.js:102:28)
[2026-03-21T11:37:00.090Z] GET /reports
[2026-03-21T11:37:01.412Z] GET /app.js
Error fetching reports: Error: Could not load the default credentials. Browse to https://cloud.google.com/docs/authentication/getting-started for more information.
    at GoogleAuth.getApplicationDefaultAsync (C:\1M1B\Smart-Waste-Mapping-Platform\backend\node_modules\google-gax\node_modules\google-auth-library\build\src\auth\googleauth.js:287:15)
    at async GoogleAuth._GoogleAuth_determineClient (C:\1M1B\Smart-Waste-Mapping-Platform\backend\node_modules\google-gax\node_modules\google-auth-library\build\src\auth\googleauth.js:834:32)
    at async GoogleAuth.getClient (C:\1M1B\Smart-Waste-Mapping-Platform\backend\node_modules\google-gax\node_modules\google-auth-library\build\src\auth\googleauth.js:698:20)
    at async GrpcClient._getCredentials (C:\1M1B\Smart-Waste-Mapping-Platform\backend\node_modules\google-gax\build\src\grpc.js:145:24)
    at async GrpcClient.createStub (C:\1M1B\Smart-Waste-Mapping-Platform\backend\node_modules\google-gax\build\src\grpc.js:318:23)
Caused by: Error
    at QueryUtil._getResponse (C:\1M1B\Smart-Waste-Mapping-Platform\backend\node_modules\@google-cloud\firestore\build\src\reference\query-util.js:44:23)
    at Query._getResponse (C:\1M1B\Smart-Waste-Mapping-Platform\backend\node_modules\@google-cloud\firestore\build\src\reference\query.js:784:32)
    at Query._get (C:\1M1B\Smart-Waste-Mapping-Platform\backend\node_modules\@google-cloud\firestore\build\src\reference\query.js:777:35)
    at C:\1M1B\Smart-Waste-Mapping-Platform\backend\node_modules\@google-cloud\firestore\build\src\reference\query.js:745:43
    at C:\1M1B\Smart-Waste-Mapping-Platform\backend\node_modules\@google-cloud\firestore\build\src\telemetry\enabled-trace-util.js:110:30
    at NoopContextManager.with (C:\1M1B\Smart-Waste-Mapping-Platform\backend\node_modules\@opentelemetry\api\build\src\context\NoopContextManager.js:25:19)
    at ContextAPI.with (C:\1M1B\Smart-Waste-Mapping-Platform\backend\node_modules\@opentelemetry\api\build\src\api\context.js:60:46)
    at NoopTracer.startActiveSpan (C:\1M1B\Smart-Waste-Mapping-Platform\backend\node_modules\@opentelemetry\api\build\src\trace\NoopTracer.js:65:31)
    at ProxyTracer.startActiveSpan (C:\1M1B\Smart-Waste-Mapping-Platform\backend\node_modules\@opentelemetry\api\build\src\trace\ProxyTracer.js:36:24)
    at EnabledTraceUtil.startActiveSpan (C:\1M1B\Smart-Waste-Mapping-Platform\backend\node_modules\@google-cloud\firestore\build\src\telemetry\enabled-trace-util.js:102:28)
[2026-03-21T11:37:06.556Z] GET /reports
Error fetching reports: Error: Could not load the default credentials. Browse to https://cloud.google.com/docs/authentication/getting-started for more information.
    at GoogleAuth.getApplicationDefaultAsync (C:\1M1B\Smart-Waste-Mapping-Platform\backend\node_modules\google-gax\node_modules\google-auth-library\build\src\auth\googleauth.js:287:15)
    at async GoogleAuth._GoogleAuth_determineClient (C:\1M1B\Smart-Waste-Mapping-Platform\backend\node_modules\google-gax\node_modules\google-auth-library\build\src\auth\googleauth.js:834:32)
    at async GoogleAuth.getClient (C:\1M1B\Smart-Waste-Mapping-Platform\backend\node_modules\google-gax\node_modules\google-auth-library\build\src\auth\googleauth.js:698:20)
    at async GrpcClient._getCredentials (C:\1M1B\Smart-Waste-Mapping-Platform\backend\node_modules\google-gax\build\src\grpc.js:145:24)
    at async GrpcClient.createStub (C:\1M1B\Smart-Waste-Mapping-Platform\backend\node_modules\google-gax\build\src\grpc.js:318:23)
Caused by: Error
    at QueryUtil._getResponse (C:\1M1B\Smart-Waste-Mapping-Platform\backend\node_modules\@google-cloud\firestore\build\src\reference\query-util.js:44:23)
    at Query._getResponse (C:\1M1B\Smart-Waste-Mapping-Platform\backend\node_modules\@google-cloud\firestore\build\src\reference\query.js:784:32)
    at Query._get (C:\1M1B\Smart-Waste-Mapping-Platform\backend\node_modules\@google-cloud\firestore\build\src\reference\query.js:777:35)
    at C:\1M1B\Smart-Waste-Mapping-Platform\backend\node_modules\@google-cloud\firestore\build\src\reference\query.js:745:43
    at C:\1M1B\Smart-Waste-Mapping-Platform\backend\node_modules\@google-cloud\firestore\build\src\telemetry\enabled-trace-util.js:110:30
    at NoopContextManager.with (C:\1M1B\Smart-Waste-Mapping-Platform\backend\node_modules\@opentelemetry\api\build\src\context\NoopContextManager.js:25:19)
    at ContextAPI.with (C:\1M1B\Smart-Waste-Mapping-Platform\backend\node_modules\@opentelemetry\api\build\src\api\context.js:60:46)
    at NoopTracer.startActiveSpan (C:\1M1B\Smart-Waste-Mapping-Platform\backend\node_modules\@opentelemetry\api\build\src\trace\NoopTracer.js:65:31)
    at ProxyTracer.startActiveSpan (C:\1M1B\Smart-Waste-Mapping-Platform\backend\node_modules\@opentelemetry\api\build\src\trace\ProxyTracer.js:36:24)
    at EnabledTraceUtil.startActiveSpan (C:\1M1B\Smart-Waste-Mapping-Platform\backend\node_modules\@google-cloud\firestore\build\src\telemetry\enabled-trace-util.js:102:28)
[2026-03-21T11:37:11.374Z] GET /reports
Error fetching reports: Error: Could not load the default credentials. Browse to https://cloud.google.com/docs/authentication/getting-started for more information.
    at GoogleAuth.getApplicationDefaultAsync (C:\1M1B\Smart-Waste-Mapping-Platform\backend\node_modules\google-gax\node_modules\google-auth-library\build\src\auth\googleauth.js:287:15)
    at async GoogleAuth._GoogleAuth_determineClient (C:\1M1B\Smart-Waste-Mapping-Platform\backend\node_modules\google-gax\node_modules\google-auth-library\build\src\auth\googleauth.js:834:32)
    at async GoogleAuth.getClient (C:\1M1B\Smart-Waste-Mapping-Platform\backend\node_modules\google-gax\node_modules\google-auth-library\build\src\auth\googleauth.js:698:20)
    at async GrpcClient._getCredentials (C:\1M1B\Smart-Waste-Mapping-Platform\backend\node_modules\google-gax\build\src\grpc.js:145:24)
    at async GrpcClient.createStub (C:\1M1B\Smart-Waste-Mapping-Platform\backend\node_modules\google-gax\build\src\grpc.js:318:23)
Caused by: Error
    at QueryUtil._getResponse (C:\1M1B\Smart-Waste-Mapping-Platform\backend\node_modules\@google-cloud\firestore\build\src\reference\query-util.js:44:23)
    at Query._getResponse (C:\1M1B\Smart-Waste-Mapping-Platform\backend\node_modules\@google-cloud\firestore\build\src\reference\query.js:784:32)
    at Query._get (C:\1M1B\Smart-Waste-Mapping-Platform\backend\node_modules\@google-cloud\firestore\build\src\reference\query.js:777:35)
    at C:\1M1B\Smart-Waste-Mapping-Platform\backend\node_modules\@google-cloud\firestore\build\src\reference\query.js:745:43
    at C:\1M1B\Smart-Waste-Mapping-Platform\backend\node_modules\@google-cloud\firestore\build\src\telemetry\enabled-trace-util.js:110:30
    at NoopContextManager.with (C:\1M1B\Smart-Waste-Mapping-Platform\backend\node_modules\@opentelemetry\api\build\src\context\NoopContextManager.js:25:19)
    at ContextAPI.with (C:\1M1B\Smart-Waste-Mapping-Platform\backend\node_modules\@opentelemetry\api\build\src\api\context.js:60:46)
    at NoopTracer.startActiveSpan (C:\1M1B\Smart-Waste-Mapping-Platform\backend\node_modules\@opentelemetry\api\build\src\trace\NoopTracer.js:65:31)
    at ProxyTracer.startActiveSpan (C:\1M1B\Smart-Waste-Mapping-Platform\backend\node_modules\@opentelemetry\api\build\src\trace\ProxyTracer.js:36:24)
    at EnabledTraceUtil.startActiveSpan (C:\1M1B\Smart-Waste-Mapping-Platform\backend\node_modules\@google-cloud\firestore\build\src\telemetry\enabled-trace-util.js:102:28)
^C